<?xml version="1.0" encoding="UTF-8"?>
<!-- Generated by org.testng.reporters.JUnitReportReporter -->
<testsuite hostname="CSCAUSAH786981" failures="0" tests="2" name="tests.SignInPageTest" time="4.476" errors="0" timestamp="09 Jul. 2018 08:18:15 GMT" skipped="0">
  <testcase classname="tests.SignInPageTest" name="verifySignInValidAccount" time="4.468"/>
  <testcase classname="tests.SignInPageTest" name="verifySignInInvalidAccount" time="0.008"/>
</testsuite> <!-- tests.SignInPageTest -->
