<?xml version="1.0" encoding="UTF-8"?>
<!-- Generated by org.testng.reporters.JUnitReportReporter -->
<testsuite hostname="CSCAUSAH786981" failures="0" tests="2" name="tests.SignInPageTest" time="6.164" errors="0" timestamp="10 Jul. 2018 04:26:10 GMT" skipped="0">
  <testcase classname="tests.SignInPageTest" name="executeTC_SignInInvalidAccount" time="0.011"/>
  <testcase classname="tests.SignInPageTest" name="executeTC_SignInValidAccount" time="6.153"/>
</testsuite> <!-- tests.SignInPageTest -->
