<?xml version="1.0" encoding="UTF-8"?>
<!-- Generated by org.testng.reporters.JUnitReportReporter -->
<testsuite hostname="CSCAUSAH786981" failures="0" tests="1" name="tests.SignInPageTest_ValidAcc" time="6.209" errors="0" timestamp="10 Jul. 2018 22:43:46 GMT" skipped="0">
  <testcase classname="tests.SignInPageTest_ValidAcc" name="signInValidAccount" time="6.209"/>
</testsuite> <!-- tests.SignInPageTest_ValidAcc -->
