<?xml version="1.0" encoding="UTF-8"?>
<!-- Generated by org.testng.reporters.JUnitReportReporter -->
<testsuite hostname="CSCAUSAH786981" failures="0" tests="1" name="testPackage.SignInPageTest_ValidAcc" time="6.406" errors="0" timestamp="13 Jul. 2018 01:36:03 GMT" skipped="0">
  <testcase classname="testPackage.SignInPageTest_ValidAcc" name="signInValidAccount" time="6.406"/>
</testsuite> <!-- testPackage.SignInPageTest_ValidAcc -->
